<?xml version="1.0" encoding="UTF-8"?>
<!-- Generated by org.testng.reporters.JUnitXMLReporter -->
<testsuite ignored="1" hostname="Parsa-PC-12-16" failures="1" tests="2" name="Default test(failed)" time="0.053" errors="0" timestamp="2020-05-03T17:28:31 PDT">
  <testcase classname="demo.TestNGRetryFailedDemo" name="test2" time="0.01"/>
  <testcase classname="demo.TestNGRetryFailedDemo" name="test3" time="0.004">
    <failure type="java.lang.AssertionError" message="expected [true] but found [false]">
      <![CDATA[java.lang.AssertionError: expected [true] but found [false]
at demo.TestNGRetryFailedDemo.test3(TestNGRetryFailedDemo.java:22)
at java.base/java.util.ArrayList.forEach(ArrayList.java:1510)
... Removed 31 stack frames]]>
    </failure>
  </testcase> <!-- test3 -->
  <testcase classname="demo.TestNGRetryFailedDemo" name="test1" time="0.0">
    <ignored/>
  </testcase> <!-- test1 -->
</testsuite> <!-- Default test(failed) -->
