<?xml version="1.0" encoding="UTF-8"?>
<testng-results ignored="0" total="1" passed="1" failed="0" skipped="0">
  <reporter-output>
  </reporter-output>
  <suite started-at="2020-05-03T22:41:05 PDT" name="Default suite" finished-at="2020-05-03T22:41:19 PDT" duration-ms="14280">
    <groups>
    </groups>
    <test started-at="2020-05-03T22:41:05 PDT" name="Default test" finished-at="2020-05-03T22:41:19 PDT" duration-ms="14280">
      <class name="demo.Test1">
        <test-method is-config="true" signature="setUp()[pri:0, instance:demo.Test1@128d2484]" started-at="2020-05-03T22:41:05 PDT" name="setUp" finished-at="2020-05-03T22:41:08 PDT" duration-ms="3426" status="PASS">
          <reporter-output>
          </reporter-output>
        </test-method> <!-- setUp -->
        <test-method signature="test1()[pri:0, instance:demo.Test1@128d2484]" started-at="2020-05-03T22:41:08 PDT" name="test1" finished-at="2020-05-03T22:41:18 PDT" duration-ms="10065" status="PASS">
          <reporter-output>
          </reporter-output>
        </test-method> <!-- test1 -->
        <test-method is-config="true" signature="tearDown()[pri:0, instance:demo.Test1@128d2484]" started-at="2020-05-03T22:41:18 PDT" name="tearDown" finished-at="2020-05-03T22:41:19 PDT" duration-ms="756" status="PASS">
          <reporter-output>
          </reporter-output>
        </test-method> <!-- tearDown -->
      </class> <!-- demo.Test1 -->
    </test> <!-- Default test -->
  </suite> <!-- Default suite -->
</testng-results>
