<?xml version="1.0" encoding="UTF-8"?>
<!-- Generated by org.testng.reporters.JUnitXMLReporter -->
<testsuite ignored="1" hostname="Parsa-PC-12-16" failures="0" tests="2" name="Test" time="15.171" errors="0" timestamp="2020-05-06T22:29:38 PDT">
  <testcase classname="test.TestNG_Demo2" name="googleSearch3" time="4.138"/>
  <testcase classname="test.TestNG_Demo" name="googleSearch" time="4.209"/>
  <testcase classname="test.TestNG_Demo2" name="googleSearch2" time="0.0">
    <ignored/>
  </testcase> <!-- googleSearch2 -->
</testsuite> <!-- Test -->
